<?xml version="1.0" encoding="UTF-8"?>
<testsuite name="com.tallerjava.tallerjavataller1.TallerjavaTaller1ApplicationTests" tests="1" skipped="0" failures="0" errors="0" timestamp="2021-08-17T00:50:22" hostname="SHIRLY" time="0.435">
  <properties/>
  <testcase name="contextLoads()" classname="com.tallerjava.tallerjavataller1.TallerjavaTaller1ApplicationTests" time="0.435"/>
  <system-out><![CDATA[19:49:47.859 [Test worker] DEBUG org.springframework.test.context.BootstrapUtils - Instantiating CacheAwareContextLoaderDelegate from class [org.springframework.test.context.cache.DefaultCacheAwareContextLoaderDelegate]
19:49:47.922 [Test worker] DEBUG org.springframework.test.context.BootstrapUtils - Instantiating BootstrapContext using constructor [public org.springframework.test.context.support.DefaultBootstrapContext(java.lang.Class,org.springframework.test.context.CacheAwareContextLoaderDelegate)]
19:49:48.090 [Test worker] DEBUG org.springframework.test.context.BootstrapUtils - Instantiating TestContextBootstrapper for test class [com.tallerjava.tallerjavataller1.TallerjavaTaller1ApplicationTests] from class [org.springframework.boot.test.context.SpringBootTestContextBootstrapper]
19:49:48.144 [Test worker] INFO org.springframework.boot.test.context.SpringBootTestContextBootstrapper - Neither @ContextConfiguration nor @ContextHierarchy found for test class [com.tallerjava.tallerjavataller1.TallerjavaTaller1ApplicationTests], using SpringBootContextLoader
19:49:48.158 [Test worker] DEBUG org.springframework.test.context.support.AbstractContextLoader - Did not detect default resource location for test class [com.tallerjava.tallerjavataller1.TallerjavaTaller1ApplicationTests]: class path resource [com/tallerjava/tallerjavataller1/TallerjavaTaller1ApplicationTests-context.xml] does not exist
19:49:48.161 [Test worker] DEBUG org.springframework.test.context.support.AbstractContextLoader - Did not detect default resource location for test class [com.tallerjava.tallerjavataller1.TallerjavaTaller1ApplicationTests]: class path resource [com/tallerjava/tallerjavataller1/TallerjavaTaller1ApplicationTestsContext.groovy] does not exist
19:49:48.162 [Test worker] INFO org.springframework.test.context.support.AbstractContextLoader - Could not detect default resource locations for test class [com.tallerjava.tallerjavataller1.TallerjavaTaller1ApplicationTests]: no resource found for suffixes {-context.xml, Context.groovy}.
19:49:48.165 [Test worker] INFO org.springframework.test.context.support.AnnotationConfigContextLoaderUtils - Could not detect default configuration classes for test class [com.tallerjava.tallerjavataller1.TallerjavaTaller1ApplicationTests]: TallerjavaTaller1ApplicationTests does not declare any static, non-private, non-final, nested classes annotated with @Configuration.
19:49:48.359 [Test worker] DEBUG org.springframework.test.context.support.ActiveProfilesUtils - Could not find an 'annotation declaring class' for annotation type [org.springframework.test.context.ActiveProfiles] and class [com.tallerjava.tallerjavataller1.TallerjavaTaller1ApplicationTests]
19:49:48.639 [Test worker] DEBUG org.springframework.context.annotation.ClassPathScanningCandidateComponentProvider - Identified candidate component class: file [D:\Documents\JS y JAVA\JAVA\tallerjava-taller1\build\classes\java\main\com\tallerjava\tallerjavataller1\TallerjavaTaller1Application.class]
19:49:48.645 [Test worker] INFO org.springframework.boot.test.context.SpringBootTestContextBootstrapper - Found @SpringBootConfiguration com.tallerjava.tallerjavataller1.TallerjavaTaller1Application for test class com.tallerjava.tallerjavataller1.TallerjavaTaller1ApplicationTests
19:49:49.130 [Test worker] DEBUG org.springframework.boot.test.context.SpringBootTestContextBootstrapper - @TestExecutionListeners is not present for class [com.tallerjava.tallerjavataller1.TallerjavaTaller1ApplicationTests]: using defaults.
19:49:49.132 [Test worker] INFO org.springframework.boot.test.context.SpringBootTestContextBootstrapper - Loaded default TestExecutionListener class names from location [META-INF/spring.factories]: [org.springframework.boot.test.autoconfigure.restdocs.RestDocsTestExecutionListener, org.springframework.boot.test.autoconfigure.web.client.MockRestServiceServerResetTestExecutionListener, org.springframework.boot.test.autoconfigure.web.servlet.MockMvcPrintOnlyOnFailureTestExecutionListener, org.springframework.boot.test.autoconfigure.web.servlet.WebDriverTestExecutionListener, org.springframework.boot.test.autoconfigure.webservices.client.MockWebServiceServerTestExecutionListener, org.springframework.boot.test.mock.mockito.MockitoTestExecutionListener, org.springframework.boot.test.mock.mockito.ResetMocksTestExecutionListener, org.springframework.test.context.web.ServletTestExecutionListener, org.springframework.test.context.support.DirtiesContextBeforeModesTestExecutionListener, org.springframework.test.context.event.ApplicationEventsTestExecutionListener, org.springframework.test.context.support.DependencyInjectionTestExecutionListener, org.springframework.test.context.support.DirtiesContextTestExecutionListener, org.springframework.test.context.transaction.TransactionalTestExecutionListener, org.springframework.test.context.jdbc.SqlScriptsTestExecutionListener, org.springframework.test.context.event.EventPublishingTestExecutionListener]
19:49:49.221 [Test worker] INFO org.springframework.boot.test.context.SpringBootTestContextBootstrapper - Using TestExecutionListeners: [org.springframework.test.context.web.ServletTestExecutionListener@402fbec3, org.springframework.test.context.support.DirtiesContextBeforeModesTestExecutionListener@1505e3a8, org.springframework.test.context.event.ApplicationEventsTestExecutionListener@442ec9e2, org.springframework.boot.test.mock.mockito.MockitoTestExecutionListener@5000cde9, org.springframework.boot.test.autoconfigure.SpringBootDependencyInjectionTestExecutionListener@6de4b88c, org.springframework.test.context.support.DirtiesContextTestExecutionListener@57c60e3b, org.springframework.test.context.transaction.TransactionalTestExecutionListener@6515bcf8, org.springframework.test.context.jdbc.SqlScriptsTestExecutionListener@332c4a36, org.springframework.test.context.event.EventPublishingTestExecutionListener@7b44a407, org.springframework.boot.test.autoconfigure.restdocs.RestDocsTestExecutionListener@1c94da82, org.springframework.boot.test.autoconfigure.web.client.MockRestServiceServerResetTestExecutionListener@542e4794, org.springframework.boot.test.autoconfigure.web.servlet.MockMvcPrintOnlyOnFailureTestExecutionListener@582dadd, org.springframework.boot.test.autoconfigure.web.servlet.WebDriverTestExecutionListener@5b3822f6, org.springframework.boot.test.autoconfigure.webservices.client.MockWebServiceServerTestExecutionListener@6142b3d9, org.springframework.boot.test.mock.mockito.ResetMocksTestExecutionListener@47f65a82]
19:49:49.240 [Test worker] DEBUG org.springframework.test.context.support.AbstractDirtiesContextTestExecutionListener - Before test class: context [DefaultTestContext@396aa0fe testClass = TallerjavaTaller1ApplicationTests, testInstance = [null], testMethod = [null], testException = [null], mergedContextConfiguration = [WebMergedContextConfiguration@3c357f3e testClass = TallerjavaTaller1ApplicationTests, locations = '{}', classes = '{class com.tallerjava.tallerjavataller1.TallerjavaTaller1Application}', contextInitializerClasses = '[]', activeProfiles = '{}', propertySourceLocations = '{}', propertySourceProperties = '{org.springframework.boot.test.context.SpringBootTestContextBootstrapper=true}', contextCustomizers = set[org.springframework.boot.test.autoconfigure.actuate.metrics.MetricsExportContextCustomizerFactory$DisableMetricExportContextCustomizer@fb54dc5, org.springframework.boot.test.autoconfigure.properties.PropertyMappingContextCustomizer@0, org.springframework.boot.test.autoconfigure.web.servlet.WebDriverContextCustomizerFactory$Customizer@6a96f989, org.springframework.boot.test.context.filter.ExcludeFilterContextCustomizer@45b60bc2, org.springframework.boot.test.json.DuplicateJsonObjectContextCustomizerFactory$DuplicateJsonObjectContextCustomizer@515c563a, org.springframework.boot.test.mock.mockito.MockitoContextCustomizer@0, org.springframework.boot.test.web.client.TestRestTemplateContextCustomizer@66777eeb, org.springframework.boot.test.context.SpringBootTestArgs@1, org.springframework.boot.test.context.SpringBootTestWebEnvironment@58f2610a], resourceBasePath = 'src/main/webapp', contextLoader = 'org.springframework.boot.test.context.SpringBootContextLoader', parent = [null]], attributes = map['org.springframework.test.context.web.ServletTestExecutionListener.activateListener' -> true]], class annotated with @DirtiesContext [false] with mode [null].
19:49:49.370 [Test worker] DEBUG org.springframework.test.context.support.TestPropertySourceUtils - Adding inlined properties to environment: {spring.jmx.enabled=false, org.springframework.boot.test.context.SpringBootTestContextBootstrapper=true}

  .   ____          _            __ _ _
 /\\ / ___'_ __ _ _(_)_ __  __ _ \ \ \ \
( ( )\___ | '_ | '_| | '_ \/ _` | \ \ \ \
 \\/  ___)| |_)| | | | | || (_| |  ) ) ) )
  '  |____| .__|_| |_|_| |_\__, | / / / /
 =========|_|==============|___/=/_/_/_/
 :: Spring Boot ::                (v2.5.3)

2021-08-16 19:49:50.560  INFO 9172 --- [    Test worker] c.t.t.TallerjavaTaller1ApplicationTests  : Starting TallerjavaTaller1ApplicationTests using Java 11.0.12 on Shirly with PID 9172 (started by ShirlyDLR in D:\Documents\JS y JAVA\JAVA\tallerjava-taller1)
2021-08-16 19:49:50.577  INFO 9172 --- [    Test worker] c.t.t.TallerjavaTaller1ApplicationTests  : No active profile set, falling back to default profiles: default
2021-08-16 19:49:53.575  INFO 9172 --- [    Test worker] .s.d.r.c.RepositoryConfigurationDelegate : Bootstrapping Spring Data JPA repositories in DEFAULT mode.
2021-08-16 19:49:53.839  INFO 9172 --- [    Test worker] .s.d.r.c.RepositoryConfigurationDelegate : Finished Spring Data repository scanning in 227 ms. Found 1 JPA repository interfaces.
2021-08-16 19:49:56.404  INFO 9172 --- [    Test worker] com.zaxxer.hikari.HikariDataSource       : HikariPool-1 - Starting...
2021-08-16 19:49:58.583  INFO 9172 --- [    Test worker] com.zaxxer.hikari.HikariDataSource       : HikariPool-1 - Start completed.
2021-08-16 19:50:00.783  INFO 9172 --- [    Test worker] o.hibernate.jpa.internal.util.LogHelper  : HHH000204: Processing PersistenceUnitInfo [name: default]
2021-08-16 19:50:01.185  INFO 9172 --- [    Test worker] org.hibernate.Version                    : HHH000412: Hibernate ORM core version 5.4.32.Final
2021-08-16 19:50:02.486  INFO 9172 --- [    Test worker] o.hibernate.annotations.common.Version   : HCANN000001: Hibernate Commons Annotations {5.1.2.Final}
2021-08-16 19:50:03.230  INFO 9172 --- [    Test worker] org.hibernate.dialect.Dialect            : HHH000400: Using dialect: org.hibernate.dialect.PostgreSQL10Dialect
2021-08-16 19:50:18.132  INFO 9172 --- [    Test worker] o.h.e.t.j.p.i.JtaPlatformInitiator       : HHH000490: Using JtaPlatform implementation: [org.hibernate.engine.transaction.jta.platform.internal.NoJtaPlatform]
2021-08-16 19:50:18.174  INFO 9172 --- [    Test worker] j.LocalContainerEntityManagerFactoryBean : Initialized JPA EntityManagerFactory for persistence unit 'default'
2021-08-16 19:50:20.258  WARN 9172 --- [    Test worker] JpaBaseConfiguration$JpaWebConfiguration : spring.jpa.open-in-view is enabled by default. Therefore, database queries may be performed during view rendering. Explicitly configure spring.jpa.open-in-view to disable this warning
2021-08-16 19:50:22.571  INFO 9172 --- [    Test worker] c.t.t.TallerjavaTaller1ApplicationTests  : Started TallerjavaTaller1ApplicationTests in 33.178 seconds (JVM running for 38.559)
]]></system-out>
  <system-err><![CDATA[]]></system-err>
</testsuite>
